<?xml version="1.0" encoding="UTF-8"?>
<!-- Generated by org.testng.reporters.JUnitReportReporter -->
<testsuite skipped="0" hostname="Ril-LenovoNew" name="uk.co.policyexpert.insurance.HomeEnqForm" tests="6" failures="0" timestamp="2022-05-09T15:21:41 BST" time="7.181" errors="0">
  <testcase name="occuaption" time="3.459" classname="uk.co.policyexpert.insurance.HomeEnqForm"/>
  <system-out/>
  <testcase name="titleEntry" time="0.673" classname="uk.co.policyexpert.insurance.HomeEnqForm"/>
  <system-out/>
  <testcase name="maritalSatus" time="0.411" classname="uk.co.policyexpert.insurance.HomeEnqForm"/>
  <system-out/>
  <testcase name="others" time="1.996" classname="uk.co.policyexpert.insurance.HomeEnqForm"/>
  <system-out/>
  <testcase name="dateEntry" time="0.364" classname="uk.co.policyexpert.insurance.HomeEnqForm"/>
  <system-out/>
  <testcase name="nameEntry" time="0.278" classname="uk.co.policyexpert.insurance.HomeEnqForm"/>
  <system-out/>
</testsuite> <!-- uk.co.policyexpert.insurance.HomeEnqForm -->
